2024-03-03 20:24:18 0 [Note] Starting MariaDB 11.2.2-MariaDB source revision 929532a9426d085111c24c63de9c23cc54382259 as process 15216
2024-03-03 20:24:18 0 [Note] InnoDB: The first data file './ibdata1' did not exist. A new tablespace will be created!
2024-03-03 20:24:18 0 [Note] InnoDB: Compressed tables use zlib 1.3
2024-03-03 20:24:18 0 [Note] InnoDB: Number of transaction pools: 1
2024-03-03 20:24:18 0 [Note] InnoDB: Using crc32 + pclmulqdq instructions
2024-03-03 20:24:18 0 [Note] InnoDB: Initializing buffer pool, total size = 20.000MiB, chunk size = 1.000MiB
2024-03-03 20:24:18 0 [Note] InnoDB: Completed initialization of buffer pool
2024-03-03 20:24:18 0 [Note] InnoDB: Setting file './ibdata1' size to 12.000MiB. Physically writing the file full; Please wait ...
2024-03-03 20:24:18 0 [Note] InnoDB: File './ibdata1' size is now 12.000MiB.
2024-03-03 20:24:18 0 [Note] InnoDB: File system buffers for log disabled (block size=4096 bytes)
2024-03-03 20:24:18 0 [Note] InnoDB: Data file .//undo001 did not exist: new to be created
2024-03-03 20:24:18 0 [Note] InnoDB: Setting file .//undo001 size to 10.000MiB
2024-03-03 20:24:18 0 [Note] InnoDB: Database physically writes the file full: wait...
2024-03-03 20:24:18 0 [Note] InnoDB: Data file .//undo002 did not exist: new to be created
2024-03-03 20:24:18 0 [Note] InnoDB: Setting file .//undo002 size to 10.000MiB
2024-03-03 20:24:18 0 [Note] InnoDB: Database physically writes the file full: wait...
2024-03-03 20:24:18 0 [Note] InnoDB: Data file .//undo003 did not exist: new to be created
2024-03-03 20:24:18 0 [Note] InnoDB: Setting file .//undo003 size to 10.000MiB
2024-03-03 20:24:18 0 [Note] InnoDB: Database physically writes the file full: wait...
2024-03-03 20:24:18 0 [Note] InnoDB: Doublewrite buffer not found: creating new
2024-03-03 20:24:18 0 [Note] InnoDB: Opened 3 undo tablespaces
2024-03-03 20:24:18 0 [Note] InnoDB: 128 rollback segments in 3 undo tablespaces are active.
2024-03-03 20:24:18 0 [Note] InnoDB: Setting file './ibtmp1' size to 12.000MiB. Physically writing the file full; Please wait ...
2024-03-03 20:24:18 0 [Note] InnoDB: File './ibtmp1' size is now 12.000MiB.
2024-03-03 20:24:18 0 [Note] InnoDB: log sequence number 0; transaction id 3
2024-03-03 20:24:18 0 [Note] Plugin 'FEEDBACK' is disabled.
2024-03-03 20:24:18 0 [Note] mysqld.exe: SSPI: using principal name 'localhost', mech 'Negotiate'
