--- File cleaned up by Wampserver installation or update ---
2024-03-03 20:36:29 0 [Note] Starting MariaDB 11.2.2-MariaDB source revision 929532a9426d085111c24c63de9c23cc54382259 as process 12832
2024-03-03 20:36:29 0 [Note] InnoDB: Compressed tables use zlib 1.3
2024-03-03 20:36:29 0 [Note] InnoDB: Number of transaction pools: 1
2024-03-03 20:36:29 0 [Note] InnoDB: Using crc32 + pclmulqdq instructions
2024-03-03 20:36:29 0 [Note] InnoDB: Initializing buffer pool, total size = 256.000MiB, chunk size = 4.000MiB
2024-03-03 20:36:29 0 [Note] InnoDB: Completed initialization of buffer pool
2024-03-03 20:36:29 0 [Note] InnoDB: File system buffers for log disabled (block size=4096 bytes)
2024-03-03 20:36:29 0 [Note] InnoDB: End of log at LSN=46300
2024-03-03 20:36:29 0 [Note] InnoDB: Resizing redo log from 96.000MiB to 20.000MiB; LSN=46300
2024-03-03 20:36:29 0 [Note] InnoDB: File system buffers for log disabled (block size=4096 bytes)
2024-03-03 20:36:29 0 [Note] InnoDB: Opened 3 undo tablespaces
2024-03-03 20:36:29 0 [Note] InnoDB: 128 rollback segments in 3 undo tablespaces are active.
2024-03-03 20:36:29 0 [Note] InnoDB: Setting file './ibtmp1' size to 12.000MiB. Physically writing the file full; Please wait ...
2024-03-03 20:36:29 0 [Note] InnoDB: File './ibtmp1' size is now 12.000MiB.
2024-03-03 20:36:29 0 [Note] InnoDB: log sequence number 46300; transaction id 14
2024-03-03 20:36:29 0 [Note] Plugin 'FEEDBACK' is disabled.
2024-03-03 20:36:32 0 [Note] mysqld.exe: SSPI: using principal name 'localhost', mech 'Negotiate'
2024-03-03 20:36:32 0 [Note] Server socket created on IP: '::'.
2024-03-03 20:36:32 0 [Note] Server socket created on IP: '0.0.0.0'.
2024-03-03 20:36:32 0 [Note] mysqld.exe: Event Scheduler: Loaded 0 events
2024-03-03 20:36:32 0 [Note] c:\wamp64\bin\mariadb\mariadb11.2.2\bin\mysqld.exe: ready for connections.
Version: '11.2.2-MariaDB'  socket: ''  port: 3307  mariadb.org binary distribution
2024-03-03 20:41:30 0 [Note] Windows service "wampmariadb64":  received SERVICE_CONTROL_STOP
2024-03-03 20:41:30 0 [Note] c:\wamp64\bin\mariadb\mariadb11.2.2\bin\mysqld.exe (initiated by: unknown): Normal shutdown
2024-03-03 20:41:30 0 [Note] InnoDB: FTS optimize thread exiting.
2024-03-03 20:41:30 0 [Note] InnoDB: Starting shutdown...
2024-03-03 20:41:30 0 [Note] InnoDB: Removed temporary tablespace data file: "./ibtmp1"
2024-03-03 20:41:30 0 [Note] InnoDB: Shutdown completed; log sequence number 47807; transaction id 15
2024-03-03 20:41:30 0 [Note] c:\wamp64\bin\mariadb\mariadb11.2.2\bin\mysqld.exe: Shutdown complete

2024-03-03 20:41:36 0 [Note] Starting MariaDB 11.2.2-MariaDB source revision 929532a9426d085111c24c63de9c23cc54382259 as process 2560
2024-03-03 20:41:36 0 [Note] InnoDB: Compressed tables use zlib 1.3
2024-03-03 20:41:36 0 [Note] InnoDB: Number of transaction pools: 1
2024-03-03 20:41:36 0 [Note] InnoDB: Using crc32 + pclmulqdq instructions
2024-03-03 20:41:36 0 [Note] InnoDB: Initializing buffer pool, total size = 256.000MiB, chunk size = 4.000MiB
2024-03-03 20:41:36 0 [Note] InnoDB: Completed initialization of buffer pool
2024-03-03 20:41:36 0 [Note] InnoDB: File system buffers for log disabled (block size=4096 bytes)
2024-03-03 20:41:36 0 [Note] InnoDB: End of log at LSN=47807
2024-03-03 20:41:36 0 [Note] InnoDB: Opened 3 undo tablespaces
2024-03-03 20:41:36 0 [Note] InnoDB: 128 rollback segments in 3 undo tablespaces are active.
2024-03-03 20:41:36 0 [Note] InnoDB: Setting file './ibtmp1' size to 12.000MiB. Physically writing the file full; Please wait ...
2024-03-03 20:41:36 0 [Note] InnoDB: File './ibtmp1' size is now 12.000MiB.
2024-03-03 20:41:36 0 [Note] InnoDB: log sequence number 47807; transaction id 16
2024-03-03 20:41:36 0 [Note] Plugin 'FEEDBACK' is disabled.
2024-03-03 20:41:38 0 [Note] mysqld.exe: SSPI: using principal name 'localhost', mech 'Negotiate'
2024-03-03 20:41:38 0 [Note] Server socket created on IP: '::'.
2024-03-03 20:41:38 0 [Note] Server socket created on IP: '0.0.0.0'.
2024-03-03 20:41:38 0 [Note] mysqld.exe: Event Scheduler: Loaded 0 events
2024-03-03 20:41:38 0 [Note] c:\wamp64\bin\mariadb\mariadb11.2.2\bin\mysqld.exe: ready for connections.
Version: '11.2.2-MariaDB'  socket: ''  port: 3307  mariadb.org binary distribution
2024-03-13 19:13:37 0 [Note] Windows service "wampmariadb64":  received SERVICE_CONTROL_SHUTDOWN
2024-03-13 19:13:37 0 [Note] c:\wamp64\bin\mariadb\mariadb11.2.2\bin\mysqld.exe (initiated by: unknown): Normal shutdown
2024-03-13 19:13:37 0 [Note] InnoDB: FTS optimize thread exiting.
2024-03-13 19:13:37 0 [Note] InnoDB: Starting shutdown...
2024-03-13 19:13:37 0 [Note] InnoDB: Removed temporary tablespace data file: "./ibtmp1"
2024-03-13 19:13:37 0 [Note] InnoDB: Shutdown completed; log sequence number 47807; transaction id 17
2024-03-13 19:13:37 0 [Note] c:\wamp64\bin\mariadb\mariadb11.2.2\bin\mysqld.exe: Shutdown complete

2024-03-14 14:53:35 0 [Note] Starting MariaDB 11.2.2-MariaDB source revision 929532a9426d085111c24c63de9c23cc54382259 as process 20744
2024-03-14 14:53:35 0 [Note] InnoDB: Compressed tables use zlib 1.3
2024-03-14 14:53:35 0 [Note] InnoDB: Number of transaction pools: 1
2024-03-14 14:53:35 0 [Note] InnoDB: Using crc32 + pclmulqdq instructions
2024-03-14 14:53:35 0 [Note] InnoDB: Initializing buffer pool, total size = 256.000MiB, chunk size = 4.000MiB
2024-03-14 14:53:35 0 [Note] InnoDB: Completed initialization of buffer pool
2024-03-14 14:53:35 0 [Note] InnoDB: File system buffers for log disabled (block size=4096 bytes)
2024-03-14 14:53:35 0 [Note] InnoDB: End of log at LSN=47807
2024-03-14 14:53:35 0 [Note] InnoDB: Opened 3 undo tablespaces
2024-03-14 14:53:35 0 [Note] InnoDB: 128 rollback segments in 3 undo tablespaces are active.
2024-03-14 14:53:35 0 [Note] InnoDB: Setting file './ibtmp1' size to 12.000MiB. Physically writing the file full; Please wait ...
2024-03-14 14:53:35 0 [Note] InnoDB: File './ibtmp1' size is now 12.000MiB.
2024-03-14 14:53:35 0 [Note] InnoDB: log sequence number 47807; transaction id 16
2024-03-14 14:53:35 0 [Note] Plugin 'FEEDBACK' is disabled.
2024-03-14 14:53:37 0 [Note] mysqld.exe: SSPI: using principal name 'localhost', mech 'Negotiate'
2024-03-14 14:53:37 0 [Note] Server socket created on IP: '::'.
2024-03-14 14:53:37 0 [Note] Server socket created on IP: '0.0.0.0'.
2024-03-14 14:53:37 0 [Note] mysqld.exe: Event Scheduler: Loaded 0 events
2024-03-14 14:53:37 0 [Note] c:\wamp64\bin\mariadb\mariadb11.2.2\bin\mysqld.exe: ready for connections.
Version: '11.2.2-MariaDB'  socket: ''  port: 3307  mariadb.org binary distribution
2024-04-13 22:14:29 0 [Note] Starting MariaDB 11.2.2-MariaDB source revision 929532a9426d085111c24c63de9c23cc54382259 as process 13228
2024-04-13 22:14:29 0 [Note] InnoDB: Compressed tables use zlib 1.3
2024-04-13 22:14:29 0 [Note] InnoDB: Number of transaction pools: 1
2024-04-13 22:14:29 0 [Note] InnoDB: Using crc32 + pclmulqdq instructions
2024-04-13 22:14:29 0 [Note] InnoDB: Initializing buffer pool, total size = 256.000MiB, chunk size = 4.000MiB
2024-04-13 22:14:29 0 [Note] InnoDB: Completed initialization of buffer pool
2024-04-13 22:14:29 0 [Note] InnoDB: File system buffers for log disabled (block size=4096 bytes)
2024-04-13 22:14:29 0 [Note] InnoDB: End of log at LSN=47807
2024-04-13 22:14:29 0 [Note] InnoDB: Opened 3 undo tablespaces
2024-04-13 22:14:29 0 [Note] InnoDB: 128 rollback segments in 3 undo tablespaces are active.
2024-04-13 22:14:29 0 [Note] InnoDB: Removed temporary tablespace data file: "./ibtmp1"
2024-04-13 22:14:29 0 [Note] InnoDB: Setting file './ibtmp1' size to 12.000MiB. Physically writing the file full; Please wait ...
2024-04-13 22:14:29 0 [Note] InnoDB: File './ibtmp1' size is now 12.000MiB.
2024-04-13 22:14:29 0 [Note] InnoDB: log sequence number 47807; transaction id 16
2024-04-13 22:14:29 0 [Note] Plugin 'FEEDBACK' is disabled.
2024-04-13 22:14:34 0 [Note] mysqld.exe: SSPI: using principal name 'localhost', mech 'Negotiate'
2024-04-13 22:14:34 0 [Note] Recovering after a crash using tc.log
2024-04-13 22:14:34 0 [Note] Starting table crash recovery...
2024-04-13 22:14:34 0 [Note] Crash table recovery finished.
2024-04-13 22:14:34 0 [Note] Server socket created on IP: '::'.
2024-04-13 22:14:34 0 [Note] Server socket created on IP: '0.0.0.0'.
2024-04-13 22:14:34 0 [Note] mysqld.exe: Event Scheduler: Loaded 0 events
2024-04-13 22:14:34 0 [Note] c:\wamp64\bin\mariadb\mariadb11.2.2\bin\mysqld.exe: ready for connections.
Version: '11.2.2-MariaDB'  socket: ''  port: 3307  mariadb.org binary distribution
2024-05-12 18:10:40 0 [Note] Windows service "wampmariadb64":  received SERVICE_CONTROL_SHUTDOWN
2024-05-12 18:10:40 0 [Note] c:\wamp64\bin\mariadb\mariadb11.2.2\bin\mysqld.exe (initiated by: unknown): Normal shutdown
2024-05-12 18:10:40 0 [Note] InnoDB: FTS optimize thread exiting.
2024-05-12 18:10:41 0 [Note] InnoDB: Starting shutdown...
2024-05-12 18:10:41 0 [Note] InnoDB: Removed temporary tablespace data file: "./ibtmp1"
2024-05-12 18:10:41 0 [Note] InnoDB: Shutdown completed; log sequence number 47807; transaction id 17
2024-05-12 18:10:41 0 [Note] c:\wamp64\bin\mariadb\mariadb11.2.2\bin\mysqld.exe: Shutdown complete

2024-05-16 19:54:19 0 [Note] Starting MariaDB 11.2.2-MariaDB source revision 929532a9426d085111c24c63de9c23cc54382259 as process 20820
2024-05-16 19:54:19 0 [Note] InnoDB: Compressed tables use zlib 1.3
2024-05-16 19:54:19 0 [Note] InnoDB: Number of transaction pools: 1
2024-05-16 19:54:19 0 [Note] InnoDB: Using crc32 + pclmulqdq instructions
2024-05-16 19:54:19 0 [Note] InnoDB: Initializing buffer pool, total size = 256.000MiB, chunk size = 4.000MiB
2024-05-16 19:54:19 0 [Note] InnoDB: Completed initialization of buffer pool
2024-05-16 19:54:19 0 [Note] InnoDB: File system buffers for log disabled (block size=4096 bytes)
2024-05-16 19:54:19 0 [Note] InnoDB: End of log at LSN=47807
2024-05-16 19:54:19 0 [Note] InnoDB: Opened 3 undo tablespaces
2024-05-16 19:54:19 0 [Note] InnoDB: 128 rollback segments in 3 undo tablespaces are active.
2024-05-16 19:54:19 0 [Note] InnoDB: Setting file './ibtmp1' size to 12.000MiB. Physically writing the file full; Please wait ...
2024-05-16 19:54:19 0 [Note] InnoDB: File './ibtmp1' size is now 12.000MiB.
2024-05-16 19:54:19 0 [Note] InnoDB: log sequence number 47807; transaction id 16
2024-05-16 19:54:19 0 [Note] Plugin 'FEEDBACK' is disabled.
2024-05-16 19:54:24 0 [Note] mysqld.exe: SSPI: using principal name 'localhost', mech 'Negotiate'
2024-05-16 19:54:24 0 [Note] Server socket created on IP: '::'.
2024-05-16 19:54:24 0 [Note] Server socket created on IP: '0.0.0.0'.
2024-05-16 19:54:24 0 [Note] mysqld.exe: Event Scheduler: Loaded 0 events
2024-05-16 19:54:24 0 [Note] c:\wamp64\bin\mariadb\mariadb11.2.2\bin\mysqld.exe: ready for connections.
Version: '11.2.2-MariaDB'  socket: ''  port: 3307  mariadb.org binary distribution
